[  0%] Built target std_msgs_generate_messages_cpp
[  0%] Built target rosgraph_msgs_generate_messages_py
[  0%] Built target roscpp_generate_messages_py
[  0%] Built target geometry_msgs_generate_messages_cpp
[  0%] Built target geometry_msgs_generate_messages_py
[  0%] Built target roscpp_generate_messages_lisp
[  0%] Built target roscpp_generate_messages_cpp
[  0%] Built target rosgraph_msgs_generate_messages_cpp
[  0%] Built target rosgraph_msgs_generate_messages_lisp
[  0%] Built target std_msgs_generate_messages_py
[  0%] Built target geometry_msgs_generate_messages_lisp
[  0%] Built target std_msgs_generate_messages_lisp
[ 78%] Built target frontend
[35m[1mScanning dependencies of target rgbd_slam[0m
[ 85%] [32mBuilding CXX object CMakeFiles/rgbd_slam.dir/src/main.cpp.o[0m
/home/tuofeichen/SLAM/MAV-Project/catkin_ws/src/rgbd_slam/src/main.cpp: In function â€˜int main(int, char**)â€™:
/home/tuofeichen/SLAM/MAV-Project/catkin_ws/src/rgbd_slam/src/main.cpp:206:15: warning: variable â€˜couldNotMatchCounterâ€™ set but not used [-Wunused-but-set-variable]
  unsigned int couldNotMatchCounter = 0;
               ^
/home/tuofeichen/SLAM/MAV-Project/catkin_ws/src/rgbd_slam/src/main.cpp:298:21: warning: variable â€˜difâ€™ set but not used [-Wunused-but-set-variable]
  double start, end, dif; // debug
                     ^
In file included from /usr/include/eigen3/Eigen/Core:254:0,
                 from /home/tuofeichen/SLAM/MAV-Project/catkin_ws/src/rgbd_slam/include/RosHandler.h:8,
                 from /home/tuofeichen/SLAM/MAV-Project/catkin_ws/src/rgbd_slam/src/main.cpp:10:
/usr/include/eigen3/Eigen/src/Core/Assign.h: In instantiation of â€˜Derived& Eigen::DenseBase<Derived>::lazyAssign(const Eigen::DenseBase<OtherDerived>&) [with OtherDerived = Eigen::Matrix<float, 4, 4>; Derived = Eigen::Matrix<float, 3, 3>]â€™:
/usr/include/eigen3/Eigen/src/Core/PlainObjectBase.h:411:46:   required from â€˜Derived& Eigen::PlainObjectBase<Derived>::lazyAssign(const Eigen::DenseBase<OtherDerived>&) [with OtherDerived = Eigen::Matrix<float, 4, 4>; Derived = Eigen::Matrix<float, 3, 3>]â€™
/usr/include/eigen3/Eigen/src/Core/Assign.h:520:123:   required from â€˜static Derived& Eigen::internal::assign_selector<Derived, OtherDerived, false, false>::run(Derived&, const OtherDerived&) [with Derived = Eigen::Matrix<float, 3, 3>; OtherDerived = Eigen::Matrix<float, 4, 4>]â€™
/usr/include/eigen3/Eigen/src/Core/PlainObjectBase.h:618:105:   required from â€˜Derived& Eigen::PlainObjectBase<Derived>::_set_noalias(const Eigen::DenseBase<OtherDerived>&) [with OtherDerived = Eigen::Matrix<float, 4, 4>; Derived = Eigen::Matrix<float, 3, 3>]â€™
/usr/include/eigen3/Eigen/src/Core/Matrix.h:281:31:   required from â€˜Eigen::Matrix<_Scalar, _Rows, _Cols, _Options, _MaxRows, _MaxCols>::Matrix(const Eigen::MatrixBase<OtherDerived>&) [with OtherDerived = Eigen::Matrix<float, 4, 4>; _Scalar = float; int _Rows = 3; int _Cols = 3; int _Options = 0; int _MaxRows = 3; int _MaxCols = 3]â€™
/home/tuofeichen/SLAM/MAV-Project/catkin_ws/src/rgbd_slam/src/main.cpp:382:18:   required from here
/usr/include/eigen3/Eigen/src/Core/util/StaticAssert.h:32:40: error: static assertion failed: YOU_MIXED_MATRICES_OF_DIFFERENT_SIZES
     #define EIGEN_STATIC_ASSERT(X,MSG) static_assert(X,#MSG);
                                        ^
/usr/include/eigen3/Eigen/src/Core/util/StaticAssert.h:182:3: note: in expansion of macro â€˜EIGEN_STATIC_ASSERTâ€™
   EIGEN_STATIC_ASSERT( \
   ^
/usr/include/eigen3/Eigen/src/Core/Assign.h:492:3: note: in expansion of macro â€˜EIGEN_STATIC_ASSERT_SAME_MATRIX_SIZEâ€™
   EIGEN_STATIC_ASSERT_SAME_MATRIX_SIZE(Derived,OtherDerived)
   ^
make[2]: *** [CMakeFiles/rgbd_slam.dir/src/main.cpp.o] Error 1
make[1]: *** [CMakeFiles/rgbd_slam.dir/all] Error 2
make: *** [all] Error 2
