Determining if the pthread_create exist failed with the following output:
Change Dir: /home/odroid/MAV-Project/px4_ws/build/backend/CMakeFiles/CMakeTmp

Run Build Command:/usr/bin/make "cmTryCompileExec2956562488/fast"
/usr/bin/make -f CMakeFiles/cmTryCompileExec2956562488.dir/build.make CMakeFiles/cmTryCompileExec2956562488.dir/build
make[1]: Entering directory `/home/odroid/MAV-Project/px4_ws/build/backend/CMakeFiles/CMakeTmp'
/usr/bin/cmake -E cmake_progress_report /home/odroid/MAV-Project/px4_ws/build/backend/CMakeFiles/CMakeTmp/CMakeFiles 1
Building C object CMakeFiles/cmTryCompileExec2956562488.dir/CheckSymbolExists.c.o
/usr/lib/ccache/cc    -o CMakeFiles/cmTryCompileExec2956562488.dir/CheckSymbolExists.c.o   -c /home/odroid/MAV-Project/px4_ws/build/backend/CMakeFiles/CMakeTmp/CheckSymbolExists.c
Linking C executable cmTryCompileExec2956562488
/usr/bin/cmake -E cmake_link_script CMakeFiles/cmTryCompileExec2956562488.dir/link.txt --verbose=1
/usr/lib/ccache/cc       CMakeFiles/cmTryCompileExec2956562488.dir/CheckSymbolExists.c.o  -o cmTryCompileExec2956562488 -rdynamic 
CMakeFiles/cmTryCompileExec2956562488.dir/CheckSymbolExists.c.o: In function `main':
CheckSymbolExists.c:(.text+0xe): undefined reference to `pthread_create'
CheckSymbolExists.c:(.text+0x12): undefined reference to `pthread_create'
collect2: error: ld returned 1 exit status
make[1]: *** [cmTryCompileExec2956562488] Error 1
make[1]: Leaving directory `/home/odroid/MAV-Project/px4_ws/build/backend/CMakeFiles/CMakeTmp'
make: *** [cmTryCompileExec2956562488/fast] Error 2

File /home/odroid/MAV-Project/px4_ws/build/backend/CMakeFiles/CMakeTmp/CheckSymbolExists.c:
/* */
#include <pthread.h>

int main(int argc, char** argv)
{
  (void)argv;
#ifndef pthread_create
  return ((int*)(&pthread_create))[argc];
#else
  (void)argc;
  return 0;
#endif
}

Determining if the function pthread_create exists in the pthreads failed with the following output:
Change Dir: /home/odroid/MAV-Project/px4_ws/build/backend/CMakeFiles/CMakeTmp

Run Build Command:/usr/bin/make "cmTryCompileExec1352153488/fast"
/usr/bin/make -f CMakeFiles/cmTryCompileExec1352153488.dir/build.make CMakeFiles/cmTryCompileExec1352153488.dir/build
make[1]: Entering directory `/home/odroid/MAV-Project/px4_ws/build/backend/CMakeFiles/CMakeTmp'
/usr/bin/cmake -E cmake_progress_report /home/odroid/MAV-Project/px4_ws/build/backend/CMakeFiles/CMakeTmp/CMakeFiles 1
Building C object CMakeFiles/cmTryCompileExec1352153488.dir/CheckFunctionExists.c.o
/usr/lib/ccache/cc   -DCHECK_FUNCTION_EXISTS=pthread_create   -o CMakeFiles/cmTryCompileExec1352153488.dir/CheckFunctionExists.c.o   -c /usr/share/cmake-2.8/Modules/CheckFunctionExists.c
Linking C executable cmTryCompileExec1352153488
/usr/bin/cmake -E cmake_link_script CMakeFiles/cmTryCompileExec1352153488.dir/link.txt --verbose=1
/usr/lib/ccache/cc   -DCHECK_FUNCTION_EXISTS=pthread_create    CMakeFiles/cmTryCompileExec1352153488.dir/CheckFunctionExists.c.o  -o cmTryCompileExec1352153488 -rdynamic -lpthreads 
/usr/bin/ld: cannot find -lpthreads
collect2: error: ld returned 1 exit status
make[1]: *** [cmTryCompileExec1352153488] Error 1
make[1]: Leaving directory `/home/odroid/MAV-Project/px4_ws/build/backend/CMakeFiles/CMakeTmp'
make: *** [cmTryCompileExec1352153488/fast] Error 2


