[  0%] Built target geometry_msgs_generate_messages_py
[  0%] Built target roscpp_generate_messages_py
[  0%] Built target roscpp_generate_messages_lisp
[  0%] Built target rosgraph_msgs_generate_messages_py
[  0%] Built target geometry_msgs_generate_messages_lisp
[  0%] Built target std_msgs_generate_messages_cpp
[  0%] Built target roscpp_generate_messages_cpp
[35m[1mScanning dependencies of target SLAM[0m
[  0%] Built target std_msgs_generate_messages_lisp
[  0%] Built target _frontend_generate_messages_check_deps_CtrlState
[  0%] Built target geometry_msgs_generate_messages_cpp
[  0%] Built target rosgraph_msgs_generate_messages_lisp
[  0%] Built target rosgraph_msgs_generate_messages_cpp
[  0%] Built target std_msgs_generate_messages_py
[  8%] Built target frontend_generate_messages_py
[ 12%] Built target frontend_generate_messages_lisp
[ 16%] Built target frontend_generate_messages_cpp
[ 16%] Built target frontend_generate_messages
[ 20%] [32mBuilding CXX object CMakeFiles/SLAM.dir/src/Mapping.cpp.o[0m
[ 24%] [32mBuilding CXX object CMakeFiles/SLAM.dir/src/RosHandler.cpp.o[0m
[ 28%] [32mBuilding CXX object CMakeFiles/SLAM.dir/src/ObjDetection.cpp.o[0m
/home/tuofeichen/SLAM/MAV-Project/catkin_ws/src/frontend/src/Mapping.cpp:314:1: warning: multi-line comment [-Wcomment]
 //    cv::drawMatches(frame1.getGray(),frame1.getKeypoints(),frame2.getGray(),frame2.getKeypoints(), matches, \
 ^
/home/tuofeichen/SLAM/MAV-Project/catkin_ws/src/frontend/src/RosHandler.cpp: In constructor â€˜RosHandler::RosHandler()â€™:
/home/tuofeichen/SLAM/MAV-Project/catkin_ws/src/frontend/src/RosHandler.cpp:30:2: error: â€˜_is_calibrateâ€™ was not declared in this scope
  _is_calibrate = 0;
  ^
/home/tuofeichen/SLAM/MAV-Project/catkin_ws/src/frontend/src/ObjDetection.cpp: In member function â€˜void ObjDetection::objectDetect()â€™:
/home/tuofeichen/SLAM/MAV-Project/catkin_ws/src/frontend/src/ObjDetection.cpp:69:44: warning: comparison between signed and unsigned integer expressions [-Wsign-compare]
  for( int i = 0; i < backward_matches.size(); i++ ) // symmetry test
                                            ^
/home/tuofeichen/SLAM/MAV-Project/catkin_ws/src/frontend/src/ObjDetection.cpp:72:44: warning: comparison between signed and unsigned integer expressions [-Wsign-compare]
   for (int j = 0; j < forward_matches.size();j++)
                                            ^
make[2]: *** [CMakeFiles/SLAM.dir/src/RosHandler.cpp.o] Error 1
make[2]: *** Waiting for unfinished jobs....
/home/tuofeichen/SLAM/MAV-Project/catkin_ws/src/frontend/src/Mapping.cpp: In member function â€˜void SLAM::Mapping::matchTwoFrames(const SLAM::Frame&, const SLAM::Frame&, bool&, bool&, Eigen::Isometry3d&, Eigen::Matrix<double, 6, 6>&)â€™:
/home/tuofeichen/SLAM/MAV-Project/catkin_ws/src/frontend/src/Mapping.cpp:280:14: warning: unused variable â€˜logNameâ€™ [-Wunused-variable]
  static char logName [50];
              ^
/home/tuofeichen/SLAM/MAV-Project/catkin_ws/src/frontend/src/Mapping.cpp: In member function â€˜void SLAM::Mapping::parallelMatching()â€™:
/home/tuofeichen/SLAM/MAV-Project/catkin_ws/src/frontend/src/Mapping.cpp:514:8: warning: variable â€˜prevIdâ€™ set but not used [-Wunused-but-set-variable]
    int prevId = -1;
        ^
/home/tuofeichen/SLAM/MAV-Project/catkin_ws/src/frontend/src/Mapping.cpp: In member function â€˜void SLAM::Mapping::fusePX4LPE(int)â€™:
/home/tuofeichen/SLAM/MAV-Project/catkin_ws/src/frontend/src/Mapping.cpp:869:20: warning: variable â€˜keyTmâ€™ set but not used [-Wunused-but-set-variable]
    Eigen::Matrix4d keyTm = prevKey.matrix().inverse()*currentPosition.matrix();
                    ^
make[1]: *** [CMakeFiles/SLAM.dir/all] Error 2
make: *** [all] Error 2
