[  0%] Built target geometry_msgs_generate_messages_py
[  0%] Built target rosgraph_msgs_generate_messages_py
[  0%] Built target roscpp_generate_messages_py
[  0%] Built target roscpp_generate_messages_lisp
[  0%] Built target roscpp_generate_messages_cpp
[  0%] Built target rosgraph_msgs_generate_messages_lisp
[  0%] Built target geometry_msgs_generate_messages_cpp
[  0%] Built target std_msgs_generate_messages_py
[  0%] Built target std_msgs_generate_messages_cpp
[  0%] Built target std_msgs_generate_messages_lisp
[  0%] Built target geometry_msgs_generate_messages_lisp
[  0%] Built target rosgraph_msgs_generate_messages_cpp
[35m[1mScanning dependencies of target SLAM[0m
[  4%] [32mBuilding CXX object CMakeFiles/SLAM.dir/src/Mapping.cpp.o[0m
[  9%] [32mBuilding CXX object CMakeFiles/SLAM.dir/src/RosHandler.cpp.o[0m
[ 14%] [32mBuilding CXX object CMakeFiles/SLAM.dir/src/ObjDetection.cpp.o[0m
In file included from /home/tuofeichen/SLAM/MAV-Project/catkin_ws/src/frontend/include/ObjDetection.h:7:0,
                 from /home/tuofeichen/SLAM/MAV-Project/catkin_ws/src/frontend/src/ObjDetection.cpp:1:
/home/tuofeichen/SLAM/MAV-Project/catkin_ws/src/frontend/include/RosHandler.h:9:23: fatal error: CtrlState.h: No such file or directory
 #include "CtrlState.h"
                       ^
compilation terminated.
In file included from /home/tuofeichen/SLAM/MAV-Project/catkin_ws/src/frontend/src/RosHandler.cpp:1:0:
/home/tuofeichen/SLAM/MAV-Project/catkin_ws/src/frontend/include/RosHandler.h:9:23: fatal error: CtrlState.h: No such file or directory
 #include "CtrlState.h"
                       ^
compilation terminated.
In file included from /home/tuofeichen/SLAM/MAV-Project/catkin_ws/src/frontend/include/Mapping.h:24:0,
                 from /home/tuofeichen/SLAM/MAV-Project/catkin_ws/src/frontend/src/Mapping.cpp:16:
/home/tuofeichen/SLAM/MAV-Project/catkin_ws/src/frontend/include/RosHandler.h:9:23: fatal error: CtrlState.h: No such file or directory
 #include "CtrlState.h"
                       ^
compilation terminated.
make[2]: *** [CMakeFiles/SLAM.dir/src/ObjDetection.cpp.o] Error 1
make[2]: *** Waiting for unfinished jobs....
make[2]: *** [CMakeFiles/SLAM.dir/src/RosHandler.cpp.o] Error 1
make[2]: *** [CMakeFiles/SLAM.dir/src/Mapping.cpp.o] Error 1
make[1]: *** [CMakeFiles/SLAM.dir/all] Error 2
make: *** [all] Error 2
