/home/tuofeichen/SLAM/MAV-Project/catkin_ws/src/frontend/src/Mapping.cpp: In member function ‘void SLAM::Mapping::matchTwoFrames(const SLAM::Frame&, const SLAM::Frame&, bool&, bool&, Eigen::Isometry3d&, Eigen::Matrix<double, 6, 6>&)’:
/home/tuofeichen/SLAM/MAV-Project/catkin_ws/src/frontend/src/Mapping.cpp:307:18: error: ‘s’ was not declared in this scope
   if (validTrafo)s
                  ^
/home/tuofeichen/SLAM/MAV-Project/catkin_ws/src/frontend/src/Mapping.cpp:307:18: note: suggested alternative:
In file included from /usr/include/boost/preprocessor/tuple/elem.hpp:22:0,
                 from /usr/include/boost/preprocessor/arithmetic/add.hpp:21,
                 from /usr/include/boost/mpl/aux_/preprocessor/def_params_tail.hpp:66,
                 from /usr/include/boost/mpl/aux_/na_spec.hpp:28,
                 from /usr/include/boost/mpl/if.hpp:19,
                 from /usr/include/boost/mpl/eval_if.hpp:17,
                 from /usr/include/boost/type_traits/decay.hpp:18,
                 from /usr/include/boost/thread/detail/move.hpp:16,
                 from /usr/include/boost/thread/lock_guard.hpp:12,
                 from /usr/include/boost/thread/pthread/thread_data.hpp:11,
                 from /usr/include/boost/thread/thread_only.hpp:17,
                 from /usr/include/boost/thread/thread.hpp:12,
                 from /usr/include/boost/thread.hpp:13,
                 from /home/tuofeichen/SLAM/MAV-Project/catkin_ws/src/frontend/include/Mapping.h:12,
                 from /home/tuofeichen/SLAM/MAV-Project/catkin_ws/src/frontend/src/Mapping.cpp:16:
/usr/include/pcl-1.7/pcl/point_types.h:377:1: note:   ‘pcl::fields::s’
 POINT_CLOUD_REGISTER_POINT_STRUCT (pcl::_PointXYZHSV,
 ^
/home/tuofeichen/SLAM/MAV-Project/catkin_ws/src/frontend/src/Mapping.cpp:308:4: error: expected ‘;’ before ‘cv’
    cv::Mat imgMatch;
    ^
/home/tuofeichen/SLAM/MAV-Project/catkin_ws/src/frontend/src/Mapping.cpp:310:4: error: ‘imgMatch’ was not declared in this scope
    imgMatch,Scalar::all(-1), Scalar::all(-1), vector<char>(), DrawMatchesFlags::NOT_DRAW_SINGLE_POINTS );
    ^
/home/tuofeichen/SLAM/MAV-Project/catkin_ws/src/frontend/src/Mapping.cpp:337:3: error: ‘tm_temp’ was not declared in this scope
   tm_temp = tm; 
   ^
/home/tuofeichen/SLAM/MAV-Project/catkin_ws/src/frontend/src/Mapping.cpp:337:15: error: expected primary-expression before ‘;’ token
   tm_temp = tm; 
               ^
/home/tuofeichen/SLAM/MAV-Project/catkin_ws/src/frontend/src/Mapping.cpp:338:5: error: expected unqualified-id before ‘.’ token
   tm.row(0) = tm_temp.row(2) * rot;
     ^
/home/tuofeichen/SLAM/MAV-Project/catkin_ws/src/frontend/src/Mapping.cpp:339:5: error: expected unqualified-id before ‘.’ token
   tm.row(1) = tm_temp.row(0) * rot;
     ^
/home/tuofeichen/SLAM/MAV-Project/catkin_ws/src/frontend/src/Mapping.cpp:340:5: error: expected unqualified-id before ‘.’ token
   tm.row(2) = tm_temp.row(1) * rot;
     ^
/home/tuofeichen/SLAM/MAV-Project/catkin_ws/src/frontend/src/Mapping.cpp:341:5: error: expected unqualified-id before ‘.’ token
   tm.col(3) = rot.inverse() * tm_temp.col(3);
     ^
/home/tuofeichen/SLAM/MAV-Project/catkin_ws/src/frontend/src/Mapping.cpp:342:37: error: expected primary-expression before ‘.’ token
   transformationMatrix.matrix() = tm.cast<double>();
                                     ^
/home/tuofeichen/SLAM/MAV-Project/catkin_ws/src/frontend/src/Mapping.cpp:342:43: error: expected primary-expression before ‘double’
   transformationMatrix.matrix() = tm.cast<double>();
                                           ^
/home/tuofeichen/SLAM/MAV-Project/catkin_ws/src/frontend/src/Mapping.cpp:342:43: error: expected ‘;’ before ‘double’
/home/tuofeichen/SLAM/MAV-Project/catkin_ws/src/frontend/src/Mapping.cpp: At global scope:
/home/tuofeichen/SLAM/MAV-Project/catkin_ws/src/frontend/src/Mapping.cpp:344:2: error: expected unqualified-id before ‘else’
  else
  ^
/home/tuofeichen/SLAM/MAV-Project/catkin_ws/src/frontend/src/Mapping.cpp:348:1: error: ‘Mapping’ does not name a type
 Mapping::GraphProcessingResult Mapping::processGraph(const Eigen::Isometry3d& transformationMatrix, const Eigen::Matrix<double, 6, 6>& informationMatrix, int prevId, double deltaTime, bool tryToAddNode, bool possibleLoopClosure)
 ^
/home/tuofeichen/SLAM/MAV-Project/catkin_ws/src/frontend/src/Mapping.cpp:397:6: error: ‘Mapping’ has not been declared
 bool Mapping::featureDetectionAndExtraction()
      ^
/home/tuofeichen/SLAM/MAV-Project/catkin_ws/src/frontend/src/Mapping.cpp: In function ‘bool featureDetectionAndExtraction()’:
/home/tuofeichen/SLAM/MAV-Project/catkin_ws/src/frontend/src/Mapping.cpp:402:2: error: ‘currentFrame’ was not declared in this scope
  currentFrame.setKeypoints( fdem->detect(currentFrame.getGray()) );
  ^
/home/tuofeichen/SLAM/MAV-Project/catkin_ws/src/frontend/src/Mapping.cpp:402:29: error: ‘fdem’ was not declared in this scope
  currentFrame.setKeypoints( fdem->detect(currentFrame.getGray()) );
                             ^
/home/tuofeichen/SLAM/MAV-Project/catkin_ws/src/frontend/src/Mapping.cpp:407:43: error: ‘minNumberOfKeyPoints’ was not declared in this scope
  if (currentFrame.getKeypoints().size() < minNumberOfKeyPoints){
                                           ^
/home/tuofeichen/SLAM/MAV-Project/catkin_ws/src/frontend/src/Mapping.cpp: At global scope:
/home/tuofeichen/SLAM/MAV-Project/catkin_ws/src/frontend/src/Mapping.cpp:414:6: error: ‘Mapping’ has not been declared
 void Mapping::exchangeFirstFrame()
      ^
/home/tuofeichen/SLAM/MAV-Project/catkin_ws/src/frontend/src/Mapping.cpp: In function ‘void exchangeFirstFrame()’:
/home/tuofeichen/SLAM/MAV-Project/catkin_ws/src/frontend/src/Mapping.cpp:416:6: error: ‘currentFrame’ was not declared in this scope
   if(currentFrame.getKeypoints().size() > nodes.back().getKeypoints().size())
      ^
/home/tuofeichen/SLAM/MAV-Project/catkin_ws/src/frontend/src/Mapping.cpp:416:43: error: ‘nodes’ was not declared in this scope
   if(currentFrame.getKeypoints().size() > nodes.back().getKeypoints().size())
                                           ^
/home/tuofeichen/SLAM/MAV-Project/catkin_ws/src/frontend/src/Mapping.cpp:418:17: error: ‘addFirstNode’ was not declared in this scope
    addFirstNode();
                 ^
/home/tuofeichen/SLAM/MAV-Project/catkin_ws/src/frontend/src/Mapping.cpp:422:4: error: ‘currentPosition’ was not declared in this scope
    currentPosition = poseGraph->getCurrentPosition();
    ^
/home/tuofeichen/SLAM/MAV-Project/catkin_ws/src/frontend/src/Mapping.cpp:422:22: error: ‘poseGraph’ was not declared in this scope
    currentPosition = poseGraph->getCurrentPosition();
                      ^
/home/tuofeichen/SLAM/MAV-Project/catkin_ws/src/frontend/src/Mapping.cpp: At global scope:
/home/tuofeichen/SLAM/MAV-Project/catkin_ws/src/frontend/src/Mapping.cpp:427:6: error: ‘Mapping’ has not been declared
 void Mapping::parallelMatching()
      ^
/home/tuofeichen/SLAM/MAV-Project/catkin_ws/src/frontend/src/Mapping.cpp: In function ‘void parallelMatching()’:
/home/tuofeichen/SLAM/MAV-Project/catkin_ws/src/frontend/src/Mapping.cpp:430:36: error: ‘nodes’ was not declared in this scope
  const int contFramesToMatchTmp = (nodes.size() >= (neighborsToMatch + contFramesToMatch)) ? contFramesToMatch : neighborsToMatch + contFramesToMatch;
                                    ^
/home/tuofeichen/SLAM/MAV-Project/catkin_ws/src/frontend/src/Mapping.cpp:430:53: error: ‘neighborsToMatch’ was not declared in this scope
  const int contFramesToMatchTmp = (nodes.size() >= (neighborsToMatch + contFramesToMatch)) ? contFramesToMatch : neighborsToMatch + contFramesToMatch;
                                                     ^
/home/tuofeichen/SLAM/MAV-Project/catkin_ws/src/frontend/src/Mapping.cpp:430:72: error: ‘contFramesToMatch’ was not declared in this scope
  const int contFramesToMatchTmp = (nodes.size() >= (neighborsToMatch + contFramesToMatch)) ? contFramesToMatch : neighborsToMatch + contFramesToMatch;
                                                                        ^
/home/tuofeichen/SLAM/MAV-Project/catkin_ws/src/frontend/src/Mapping.cpp:437:15: error: ‘Frame’ was not declared in this scope
   std::vector<Frame>::const_iterator pNode = nodes.end() - 1;
               ^
/home/tuofeichen/SLAM/MAV-Project/catkin_ws/src/frontend/src/Mapping.cpp:437:15: note: suggested alternative:
In file included from /home/tuofeichen/SLAM/MAV-Project/catkin_ws/src/frontend/include/Mapping.h:21:0,
                 from /home/tuofeichen/SLAM/MAV-Project/catkin_ws/src/frontend/src/Mapping.cpp:16:
/home/tuofeichen/SLAM/MAV-Project/catkin_ws/src/frontend/include/Frame.h:26:7: note:   ‘SLAM::Frame’
 class Frame
       ^
/home/tuofeichen/SLAM/MAV-Project/catkin_ws/src/frontend/src/Mapping.cpp:437:20: error: template argument 1 is invalid
   std::vector<Frame>::const_iterator pNode = nodes.end() - 1;
                    ^
/home/tuofeichen/SLAM/MAV-Project/catkin_ws/src/frontend/src/Mapping.cpp:437:20: error: template argument 2 is invalid
/home/tuofeichen/SLAM/MAV-Project/catkin_ws/src/frontend/src/Mapping.cpp:437:38: error: expected initializer before ‘pNode’
   std::vector<Frame>::const_iterator pNode = nodes.end() - 1;
                                      ^
/home/tuofeichen/SLAM/MAV-Project/catkin_ws/src/frontend/src/Mapping.cpp:439:65: error: ‘frames’ was not declared in this scope
   for (int frame = 0; frame < nrOfContFramesToMatch; ++frame, ++frames, --pNode)
                                                                 ^
/home/tuofeichen/SLAM/MAV-Project/catkin_ws/src/frontend/src/Mapping.cpp:439:75: error: ‘pNode’ was not declared in this scope
   for (int frame = 0; frame < nrOfContFramesToMatch; ++frame, ++frames, --pNode)
                                                                           ^
/home/tuofeichen/SLAM/MAV-Project/catkin_ws/src/frontend/src/Mapping.cpp:446:4: error: ‘graphIds’ was not declared in this scope
    graphIds[frames] = pNode->getId(); // continuous node 
    ^
/home/tuofeichen/SLAM/MAV-Project/catkin_ws/src/frontend/src/Mapping.cpp:447:4: error: ‘lcSmallestId’ was not declared in this scope
    lcSmallestId = std::min(lcSmallestId, graphIds[frames]);
    ^
/home/tuofeichen/SLAM/MAV-Project/catkin_ws/src/frontend/src/Mapping.cpp:450:4: error: ‘deltaT’ was not declared in this scope
    deltaT[frames] = currentFrame.getTime() - pNode->getTime();
    ^
/home/tuofeichen/SLAM/MAV-Project/catkin_ws/src/frontend/src/Mapping.cpp:450:21: error: ‘currentFrame’ was not declared in this scope
    deltaT[frames] = currentFrame.getTime() - pNode->getTime();
                     ^
/home/tuofeichen/SLAM/MAV-Project/catkin_ws/src/frontend/src/Mapping.cpp:452:4: error: ‘handler’ was not declared in this scope
    handler[frames] = boost::thread(&Mapping::matchTwoFrames, this,
    ^
/home/tuofeichen/SLAM/MAV-Project/catkin_ws/src/frontend/src/Mapping.cpp:452:37: error: ‘Mapping’ was not declared in this scope
    handler[frames] = boost::thread(&Mapping::matchTwoFrames, this,
                                     ^
/home/tuofeichen/SLAM/MAV-Project/catkin_ws/src/frontend/src/Mapping.cpp:452:37: note: suggested alternative:
In file included from /home/tuofeichen/SLAM/MAV-Project/catkin_ws/src/frontend/src/Mapping.cpp:16:0:
/home/tuofeichen/SLAM/MAV-Project/catkin_ws/src/frontend/include/Mapping.h:37:7: note:   ‘SLAM::Mapping’
 class Mapping {
       ^
/home/tuofeichen/SLAM/MAV-Project/catkin_ws/src/frontend/src/Mapping.cpp:452:62: error: invalid use of ‘this’ in non-member function
    handler[frames] = boost::thread(&Mapping::matchTwoFrames, this,
                                                              ^
/home/tuofeichen/SLAM/MAV-Project/catkin_ws/src/frontend/src/Mapping.cpp:455:17: error: ‘enoughMatches’ was not declared in this scope
      boost::ref(enoughMatches[frames]),
                 ^
/home/tuofeichen/SLAM/MAV-Project/catkin_ws/src/frontend/src/Mapping.cpp:456:17: error: ‘validTrafo’ was not declared in this scope
      boost::ref(validTrafo[frames]),
                 ^
/home/tuofeichen/SLAM/MAV-Project/catkin_ws/src/frontend/src/Mapping.cpp:457:17: error: ‘transformationMatrices’ was not declared in this scope
      boost::ref(transformationMatrices[frames]),
                 ^
/home/tuofeichen/SLAM/MAV-Project/catkin_ws/src/frontend/src/Mapping.cpp:458:17: error: ‘informationMatrices’ was not declared in this scope
      boost::ref(informationMatrices[frames]) );
                 ^
/home/tuofeichen/SLAM/MAV-Project/catkin_ws/src/frontend/src/Mapping.cpp:467:3: error: ‘poseGraph’ was not declared in this scope
   poseGraph->getEdgeNeighborsToCurrentNode(contFramesToMatch, neighborIds);
   ^
/home/tuofeichen/SLAM/MAV-Project/catkin_ws/src/frontend/src/Mapping.cpp:474:51: error: ‘frames’ was not declared in this scope
    for(int i = 0; i < tmpNeighborsToMatch; ++i, ++frames)
                                                   ^
/home/tuofeichen/SLAM/MAV-Project/catkin_ws/src/frontend/src/Mapping.cpp:479:5: error: ‘graphIds’ was not declared in this scope
     graphIds[frames] = neighborIds.at(tmp);
     ^
/home/tuofeichen/SLAM/MAV-Project/catkin_ws/src/frontend/src/Mapping.cpp:480:5: error: ‘lcSmallestId’ was not declared in this scope
     lcSmallestId = std::min(lcSmallestId, graphIds[frames]); // also match with geodesic neighbor
     ^
/home/tuofeichen/SLAM/MAV-Project/catkin_ws/src/frontend/src/Mapping.cpp:489:5: error: ‘deltaT’ was not declared in this scope
     deltaT[frames] = currentFrame.getTime() - nodes.at(nodesId).getTime();
     ^
/home/tuofeichen/SLAM/MAV-Project/catkin_ws/src/frontend/src/Mapping.cpp:489:22: error: ‘currentFrame’ was not declared in this scope
     deltaT[frames] = currentFrame.getTime() - nodes.at(nodesId).getTime();
                      ^
/home/tuofeichen/SLAM/MAV-Project/catkin_ws/src/frontend/src/Mapping.cpp:490:5: error: ‘handler’ was not declared in this scope
     handler[frames] = boost::thread(&Mapping::matchTwoFrames, this,
     ^
/home/tuofeichen/SLAM/MAV-Project/catkin_ws/src/frontend/src/Mapping.cpp:490:38: error: ‘Mapping’ was not declared in this scope
     handler[frames] = boost::thread(&Mapping::matchTwoFrames, this,
                                      ^
/home/tuofeichen/SLAM/MAV-Project/catkin_ws/src/frontend/src/Mapping.cpp:490:38: note: suggested alternative:
In file included from /home/tuofeichen/SLAM/MAV-Project/catkin_ws/src/frontend/src/Mapping.cpp:16:0:
/home/tuofeichen/SLAM/MAV-Project/catkin_ws/src/frontend/include/Mapping.h:37:7: note:   ‘SLAM::Mapping’
 class Mapping {
       ^
/home/tuofeichen/SLAM/MAV-Project/catkin_ws/src/frontend/src/Mapping.cpp:490:63: error: invalid use of ‘this’ in non-member function
     handler[frames] = boost::thread(&Mapping::matchTwoFrames, this,
                                                               ^
/home/tuofeichen/SLAM/MAV-Project/catkin_ws/src/frontend/src/Mapping.cpp:493:18: error: ‘enoughMatches’ was not declared in this scope
       boost::ref(enoughMatches[frames]),
                  ^
/home/tuofeichen/SLAM/MAV-Project/catkin_ws/src/frontend/src/Mapping.cpp:494:18: error: ‘validTrafo’ was not declared in this scope
       boost::ref(validTrafo[frames]),
                  ^
/home/tuofeichen/SLAM/MAV-Project/catkin_ws/src/frontend/src/Mapping.cpp:495:18: error: ‘transformationMatrices’ was not declared in this scope
       boost::ref(transformationMatrices[frames]),
                  ^
/home/tuofeichen/SLAM/MAV-Project/catkin_ws/src/frontend/src/Mapping.cpp:496:18: error: ‘informationMatrices’ was not declared in this scope
       boost::ref(informationMatrices[frames]) );
                  ^
/home/tuofeichen/SLAM/MAV-Project/catkin_ws/src/frontend/src/Mapping.cpp:502:5: error: ‘searchLoopClosures’ was not declared in this scope
  if(searchLoopClosures && nodes.size() > neighborsToMatch + contFramesToMatch && keyFrames.size() > lcRandomMatching)
     ^
/home/tuofeichen/SLAM/MAV-Project/catkin_ws/src/frontend/src/Mapping.cpp:502:82: error: ‘keyFrames’ was not declared in this scope
  if(searchLoopClosures && nodes.size() > neighborsToMatch + contFramesToMatch && keyFrames.size() > lcRandomMatching)
                                                                                  ^
/home/tuofeichen/SLAM/MAV-Project/catkin_ws/src/frontend/src/Mapping.cpp:502:101: error: ‘lcRandomMatching’ was not declared in this scope
  if(searchLoopClosures && nodes.size() > neighborsToMatch + contFramesToMatch && keyFrames.size() > lcRandomMatching)
                                                                                                     ^
/home/tuofeichen/SLAM/MAV-Project/catkin_ws/src/frontend/src/Mapping.cpp:506:4: error: ‘lcHandler’ was not declared in this scope
    lcHandler = boost::thread(&Mapping::loopClosureDetection,this); // average descriptor method
    ^
/home/tuofeichen/SLAM/MAV-Project/catkin_ws/src/frontend/src/Mapping.cpp:506:31: error: ‘Mapping’ was not declared in this scope
    lcHandler = boost::thread(&Mapping::loopClosureDetection,this); // average descriptor method
                               ^
/home/tuofeichen/SLAM/MAV-Project/catkin_ws/src/frontend/src/Mapping.cpp:506:31: note: suggested alternative:
In file included from /home/tuofeichen/SLAM/MAV-Project/catkin_ws/src/frontend/src/Mapping.cpp:16:0:
/home/tuofeichen/SLAM/MAV-Project/catkin_ws/src/frontend/include/Mapping.h:37:7: note:   ‘SLAM::Mapping’
 class Mapping {
       ^
/home/tuofeichen/SLAM/MAV-Project/catkin_ws/src/frontend/src/Mapping.cpp:506:61: error: invalid use of ‘this’ in non-member function
    lcHandler = boost::thread(&Mapping::loopClosureDetection,this); // average descriptor method
                                                             ^
/home/tuofeichen/SLAM/MAV-Project/catkin_ws/src/frontend/src/Mapping.cpp:512:49: error: ‘frames’ was not declared in this scope
    for(int i = 0; i < lcRandomMatching; ++i,  ++frames)
                                                 ^
/home/tuofeichen/SLAM/MAV-Project/catkin_ws/src/frontend/src/Mapping.cpp:561:6: error: ‘graphIds’ was not declared in this scope
      graphIds[frames] = keyFrames.at(id).getId();
      ^
/home/tuofeichen/SLAM/MAV-Project/catkin_ws/src/frontend/src/Mapping.cpp:562:6: error: ‘deltaT’ was not declared in this scope
      deltaT[frames] = currentFrame.getTime() - keyFrames.at(id).getTime();
      ^
/home/tuofeichen/SLAM/MAV-Project/catkin_ws/src/frontend/src/Mapping.cpp:562:23: error: ‘currentFrame’ was not declared in this scope
      deltaT[frames] = currentFrame.getTime() - keyFrames.at(id).getTime();
                       ^
/home/tuofeichen/SLAM/MAV-Project/catkin_ws/src/frontend/src/Mapping.cpp:563:6: error: ‘handler’ was not declared in this scope
      handler[frames] = boost::thread(&Mapping::matchTwoFrames, this,
      ^
/home/tuofeichen/SLAM/MAV-Project/catkin_ws/src/frontend/src/Mapping.cpp:563:39: error: ‘Mapping’ was not declared in this scope
      handler[frames] = boost::thread(&Mapping::matchTwoFrames, this,
                                       ^
/home/tuofeichen/SLAM/MAV-Project/catkin_ws/src/frontend/src/Mapping.cpp:563:39: note: suggested alternative:
In file included from /home/tuofeichen/SLAM/MAV-Project/catkin_ws/src/frontend/src/Mapping.cpp:16:0:
/home/tuofeichen/SLAM/MAV-Project/catkin_ws/src/frontend/include/Mapping.h:37:7: note:   ‘SLAM::Mapping’
 class Mapping {
       ^
/home/tuofeichen/SLAM/MAV-Project/catkin_ws/src/frontend/src/Mapping.cpp:563:64: error: invalid use of ‘this’ in non-member function
      handler[frames] = boost::thread(&Mapping::matchTwoFrames, this,
                                                                ^
/home/tuofeichen/SLAM/MAV-Project/catkin_ws/src/frontend/src/Mapping.cpp:566:19: error: ‘enoughMatches’ was not declared in this scope
        boost::ref(enoughMatches[frames]),
                   ^
/home/tuofeichen/SLAM/MAV-Project/catkin_ws/src/frontend/src/Mapping.cpp:567:19: error: ‘validTrafo’ was not declared in this scope
        boost::ref(validTrafo[frames]),
                   ^
/home/tuofeichen/SLAM/MAV-Project/catkin_ws/src/frontend/src/Mapping.cpp:568:19: error: ‘transformationMatrices’ was not declared in this scope
        boost::ref(transformationMatrices[frames]),
                   ^
/home/tuofeichen/SLAM/MAV-Project/catkin_ws/src/frontend/src/Mapping.cpp:569:19: error: ‘informationMatrices’ was not declared in this scope
        boost::ref(informationMatrices[frames]) );
                   ^
/home/tuofeichen/SLAM/MAV-Project/catkin_ws/src/frontend/src/Mapping.cpp:577:32: error: ‘frames’ was not declared in this scope
  for (int thread = 0; thread < frames; ++thread)
                                ^
/home/tuofeichen/SLAM/MAV-Project/catkin_ws/src/frontend/src/Mapping.cpp:579:3: error: ‘handler’ was not declared in this scope
   handler[thread].join(); // sleep until all threads are finished with their work
   ^
/home/tuofeichen/SLAM/MAV-Project/catkin_ws/src/frontend/src/Mapping.cpp: At global scope:
/home/tuofeichen/SLAM/MAV-Project/catkin_ws/src/frontend/src/Mapping.cpp:583:6: error: ‘Mapping’ has not been declared
 void Mapping::tryToAddNode(int thread)
      ^
/home/tuofeichen/SLAM/MAV-Project/catkin_ws/src/frontend/src/Mapping.cpp: In function ‘void tryToAddNode(int)’:
/home/tuofeichen/SLAM/MAV-Project/catkin_ws/src/frontend/src/Mapping.cpp:585:6: error: ‘validTrafo’ was not declared in this scope
  if (validTrafo[thread] && enoughMatches[thread])
      ^
/home/tuofeichen/SLAM/MAV-Project/catkin_ws/src/frontend/src/Mapping.cpp:585:28: error: ‘enoughMatches’ was not declared in this scope
  if (validTrafo[thread] && enoughMatches[thread])
                            ^
/home/tuofeichen/SLAM/MAV-Project/catkin_ws/src/frontend/src/Mapping.cpp:587:3: error: ‘GraphProcessingResult’ was not declared in this scope
   GraphProcessingResult result = processGraph(transformationMatrices[thread], informationMatrices[thread], graphIds[thread], deltaT[thread], true, false);
   ^
/home/tuofeichen/SLAM/MAV-Project/catkin_ws/src/frontend/src/Mapping.cpp:587:25: error: expected ‘;’ before ‘result’
   GraphProcessingResult result = processGraph(transformationMatrices[thread], informationMatrices[thread], graphIds[thread], deltaT[thread], true, false);
                         ^
/home/tuofeichen/SLAM/MAV-Project/catkin_ws/src/frontend/src/Mapping.cpp:589:6: error: ‘result’ was not declared in this scope
   if(result == trafoValid)
      ^
/home/tuofeichen/SLAM/MAV-Project/catkin_ws/src/frontend/src/Mapping.cpp:589:16: error: ‘trafoValid’ was not declared in this scope
   if(result == trafoValid)
                ^
/home/tuofeichen/SLAM/MAV-Project/catkin_ws/src/frontend/src/Mapping.cpp:591:4: error: ‘smallestId’ was not declared in this scope
    smallestId = std::min(smallestId, graphIds[thread]);
    ^
/home/tuofeichen/SLAM/MAV-Project/catkin_ws/src/frontend/src/Mapping.cpp:591:38: error: ‘graphIds’ was not declared in this scope
    smallestId = std::min(smallestId, graphIds[thread]);
                                      ^
/home/tuofeichen/SLAM/MAV-Project/catkin_ws/src/frontend/src/Mapping.cpp:592:4: error: ‘bestInforamtionValue’ was not declared in this scope
    bestInforamtionValue = informationMatrices[thread](0,0);
    ^
/home/tuofeichen/SLAM/MAV-Project/catkin_ws/src/frontend/src/Mapping.cpp:592:27: error: ‘informationMatrices’ was not declared in this scope
    bestInforamtionValue = informationMatrices[thread](0,0);
                           ^
/home/tuofeichen/SLAM/MAV-Project/catkin_ws/src/frontend/src/Mapping.cpp:593:4: error: ‘currentPosition’ was not declared in this scope
    currentPosition = poseGraph->getPositionOfId(graphIds[thread])*transformationMatrices[thread];
    ^
/home/tuofeichen/SLAM/MAV-Project/catkin_ws/src/frontend/src/Mapping.cpp:593:22: error: ‘poseGraph’ was not declared in this scope
    currentPosition = poseGraph->getPositionOfId(graphIds[thread])*transformationMatrices[thread];
                      ^
/home/tuofeichen/SLAM/MAV-Project/catkin_ws/src/frontend/src/Mapping.cpp:593:67: error: ‘transformationMatrices’ was not declared in this scope
    currentPosition = poseGraph->getPositionOfId(graphIds[thread])*transformationMatrices[thread];
                                                                   ^
/home/tuofeichen/SLAM/MAV-Project/catkin_ws/src/frontend/src/Mapping.cpp:595:21: error: ‘trafoToSmall’ was not declared in this scope
   else if(result == trafoToSmall)
                     ^
/home/tuofeichen/SLAM/MAV-Project/catkin_ws/src/frontend/src/Mapping.cpp:598:4: error: ‘currentFrame’ was not declared in this scope
    currentFrame.setDummyFrameFlag(true);
    ^
/home/tuofeichen/SLAM/MAV-Project/catkin_ws/src/frontend/src/Mapping.cpp:599:6: error: ‘trafoToSmallCounter’ was not declared in this scope
    ++trafoToSmallCounter; // debug
      ^
/home/tuofeichen/SLAM/MAV-Project/catkin_ws/src/frontend/src/Mapping.cpp:601:22: error: ‘trafoToBig’ was not declared in this scope
   else if (result == trafoToBig)
                      ^
/home/tuofeichen/SLAM/MAV-Project/catkin_ws/src/frontend/src/Mapping.cpp:603:4: error: ‘currentFrame’ was not declared in this scope
    currentFrame.setDummyFrameFlag(true);
    ^
/home/tuofeichen/SLAM/MAV-Project/catkin_ws/src/frontend/src/Mapping.cpp:604:6: error: ‘trafoVelocityToBigCounter’ was not declared in this scope
    ++trafoVelocityToBigCounter; // debug
      ^
/home/tuofeichen/SLAM/MAV-Project/catkin_ws/src/frontend/src/Mapping.cpp: At global scope:
/home/tuofeichen/SLAM/MAV-Project/catkin_ws/src/frontend/src/Mapping.cpp:609:6: error: ‘Mapping’ has not been declared
 void Mapping::addEdges(int thread)
      ^
/home/tuofeichen/SLAM/MAV-Project/catkin_ws/src/frontend/src/Mapping.cpp: In function ‘void addEdges(int)’:
/home/tuofeichen/SLAM/MAV-Project/catkin_ws/src/frontend/src/Mapping.cpp:611:6: error: ‘validTrafo’ was not declared in this scope
  if (validTrafo[thread] && enoughMatches[thread])
      ^
/home/tuofeichen/SLAM/MAV-Project/catkin_ws/src/frontend/src/Mapping.cpp:611:28: error: ‘enoughMatches’ was not declared in this scope
  if (validTrafo[thread] && enoughMatches[thread])
                            ^
/home/tuofeichen/SLAM/MAV-Project/catkin_ws/src/frontend/src/Mapping.cpp:613:3: error: ‘GraphProcessingResult’ was not declared in this scope
   GraphProcessingResult result;
   ^
/home/tuofeichen/SLAM/MAV-Project/catkin_ws/src/frontend/src/Mapping.cpp:613:25: error: expected ‘;’ before ‘result’
   GraphProcessingResult result;
                         ^
/home/tuofeichen/SLAM/MAV-Project/catkin_ws/src/frontend/src/Mapping.cpp:614:6: error: ‘lcRandomMatching’ was not declared in this scope
   if(lcRandomMatching == 0)
      ^
/home/tuofeichen/SLAM/MAV-Project/catkin_ws/src/frontend/src/Mapping.cpp:615:4: error: ‘result’ was not declared in this scope
    result = processGraph(transformationMatrices[thread], informationMatrices[thread], graphIds[thread], deltaT[thread], false, false);
    ^
/home/tuofeichen/SLAM/MAV-Project/catkin_ws/src/frontend/src/Mapping.cpp:615:26: error: ‘transformationMatrices’ was not declared in this scope
    result = processGraph(transformationMatrices[thread], informationMatrices[thread], graphIds[thread], deltaT[thread], false, false);
                          ^
/home/tuofeichen/SLAM/MAV-Project/catkin_ws/src/frontend/src/Mapping.cpp:615:58: error: ‘informationMatrices’ was not declared in this scope
    result = processGraph(transformationMatrices[thread], informationMatrices[thread], graphIds[thread], deltaT[thread], false, false);
                                                          ^
/home/tuofeichen/SLAM/MAV-Project/catkin_ws/src/frontend/src/Mapping.cpp:615:87: error: ‘graphIds’ was not declared in this scope
    result = processGraph(transformationMatrices[thread], informationMatrices[thread], graphIds[thread], deltaT[thread], false, false);
                                                                                       ^
/home/tuofeichen/SLAM/MAV-Project/catkin_ws/src/frontend/src/Mapping.cpp:615:105: error: ‘deltaT’ was not declared in this scope
    result = processGraph(transformationMatrices[thread], informationMatrices[thread], graphIds[thread], deltaT[thread], false, false);
                                                                                                         ^
/home/tuofeichen/SLAM/MAV-Project/catkin_ws/src/frontend/src/Mapping.cpp:615:133: error: ‘processGraph’ was not declared in this scope
    result = processGraph(transformationMatrices[thread], informationMatrices[thread], graphIds[thread], deltaT[thread], false, false);
                                                                                                                                     ^
/home/tuofeichen/SLAM/MAV-Project/catkin_ws/src/frontend/src/Mapping.cpp:617:4: error: ‘result’ was not declared in this scope
    result = processGraph(transformationMatrices[thread], informationMatrices[thread], graphIds[thread], deltaT[thread], false, (thread >= contFramesToMatch + neighborsToMatch));
    ^
/home/tuofeichen/SLAM/MAV-Project/catkin_ws/src/frontend/src/Mapping.cpp:617:26: error: ‘transformationMatrices’ was not declared in this scope
    result = processGraph(transformationMatrices[thread], informationMatrices[thread], graphIds[thread], deltaT[thread], false, (thread >= contFramesToMatch + neighborsToMatch));
                          ^
/home/tuofeichen/SLAM/MAV-Project/catkin_ws/src/frontend/src/Mapping.cpp:617:58: error: ‘informationMatrices’ was not declared in this scope
    result = processGraph(transformationMatrices[thread], informationMatrices[thread], graphIds[thread], deltaT[thread], false, (thread >= contFramesToMatch + neighborsToMatch));
                                                          ^
/home/tuofeichen/SLAM/MAV-Project/catkin_ws/src/frontend/src/Mapping.cpp:617:87: error: ‘graphIds’ was not declared in this scope
    result = processGraph(transformationMatrices[thread], informationMatrices[thread], graphIds[thread], deltaT[thread], false, (thread >= contFramesToMatch + neighborsToMatch));
                                                                                       ^
/home/tuofeichen/SLAM/MAV-Project/catkin_ws/src/frontend/src/Mapping.cpp:617:105: error: ‘deltaT’ was not declared in this scope
    result = processGraph(transformationMatrices[thread], informationMatrices[thread], graphIds[thread], deltaT[thread], false, (thread >= contFramesToMatch + neighborsToMatch));
                                                                                                         ^
/home/tuofeichen/SLAM/MAV-Project/catkin_ws/src/frontend/src/Mapping.cpp:617:139: error: ‘contFramesToMatch’ was not declared in this scope
    result = processGraph(transformationMatrices[thread], informationMatrices[thread], graphIds[thread], deltaT[thread], false, (thread >= contFramesToMatch + neighborsToMatch));
                                                                                                                                           ^
/home/tuofeichen/SLAM/MAV-Project/catkin_ws/src/frontend/src/Mapping.cpp:617:159: error: ‘neighborsToMatch’ was not declared in this scope
    result = processGraph(transformationMatrices[thread], informationMatrices[thread], graphIds[thread], deltaT[thread], false, (thread >= contFramesToMatch + neighborsToMatch));
                                                                                                                                                               ^
/home/tuofeichen/SLAM/MAV-Project/catkin_ws/src/frontend/src/Mapping.cpp:617:176: error: ‘processGraph’ was not declared in this scope
    result = processGraph(transformationMatrices[thread], informationMatrices[thread], graphIds[thread], deltaT[thread], false, (thread >= contFramesToMatch + neighborsToMatch));
                                                                                                                                                                                ^
/home/tuofeichen/SLAM/MAV-Project/catkin_ws/src/frontend/src/Mapping.cpp:619:6: error: ‘result’ was not declared in this scope
   if(result == trafoValid)
      ^
/home/tuofeichen/SLAM/MAV-Project/catkin_ws/src/frontend/src/Mapping.cpp:619:16: error: ‘trafoValid’ was not declared in this scope
   if(result == trafoValid)
                ^
/home/tuofeichen/SLAM/MAV-Project/catkin_ws/src/frontend/src/Mapping.cpp:621:4: error: ‘smallestId’ was not declared in this scope
    smallestId = std::min(smallestId, graphIds[thread]);
    ^
/home/tuofeichen/SLAM/MAV-Project/catkin_ws/src/frontend/src/Mapping.cpp:621:38: error: ‘graphIds’ was not declared in this scope
    smallestId = std::min(smallestId, graphIds[thread]);
                                      ^
/home/tuofeichen/SLAM/MAV-Project/catkin_ws/src/frontend/src/Mapping.cpp:624:7: error: ‘bestInforamtionValue’ was not declared in this scope
    if(bestInforamtionValue < informationMatrices[thread](0,0))
       ^
/home/tuofeichen/SLAM/MAV-Project/catkin_ws/src/frontend/src/Mapping.cpp:624:30: error: ‘informationMatrices’ was not declared in this scope
    if(bestInforamtionValue < informationMatrices[thread](0,0))
                              ^
/home/tuofeichen/SLAM/MAV-Project/catkin_ws/src/frontend/src/Mapping.cpp:627:5: error: ‘currentPosition’ was not declared in this scope
     currentPosition = poseGraph->getPositionOfId(graphIds[thread])*transformationMatrices[thread];
     ^
/home/tuofeichen/SLAM/MAV-Project/catkin_ws/src/frontend/src/Mapping.cpp:627:23: error: ‘poseGraph’ was not declared in this scope
     currentPosition = poseGraph->getPositionOfId(graphIds[thread])*transformationMatrices[thread];
                       ^
/home/tuofeichen/SLAM/MAV-Project/catkin_ws/src/frontend/src/Mapping.cpp:627:68: error: ‘transformationMatrices’ was not declared in this scope
     currentPosition = poseGraph->getPositionOfId(graphIds[thread])*transformationMatrices[thread];
                                                                    ^
/home/tuofeichen/SLAM/MAV-Project/catkin_ws/src/frontend/src/Mapping.cpp: At global scope:
/home/tuofeichen/SLAM/MAV-Project/catkin_ws/src/frontend/src/Mapping.cpp:633:6: error: ‘Mapping’ has not been declared
 void Mapping::setDummyNode()
      ^
/home/tuofeichen/SLAM/MAV-Project/catkin_ws/src/frontend/src/Mapping.cpp: In function ‘void setDummyNode()’:
/home/tuofeichen/SLAM/MAV-Project/catkin_ws/src/frontend/src/Mapping.cpp:636:5: error: ‘sequenceOfLostFramesCntr’ was not declared in this scope
  if(sequenceOfLostFramesCntr > dummyFrameAfterLostFrames)
     ^
/home/tuofeichen/SLAM/MAV-Project/catkin_ws/src/frontend/src/Mapping.cpp:636:32: error: ‘dummyFrameAfterLostFrames’ was not declared in this scope
  if(sequenceOfLostFramesCntr > dummyFrameAfterLostFrames)
                                ^
/home/tuofeichen/SLAM/MAV-Project/catkin_ws/src/frontend/src/Mapping.cpp:639:14: error: ‘dummyFrame’ was not declared in this scope
   fusePX4LPE(dummyFrame);
              ^
/home/tuofeichen/SLAM/MAV-Project/catkin_ws/src/frontend/src/Mapping.cpp:639:24: error: ‘fusePX4LPE’ was not declared in this scope
   fusePX4LPE(dummyFrame);
                        ^
/home/tuofeichen/SLAM/MAV-Project/catkin_ws/src/frontend/src/Mapping.cpp: At global scope:
/home/tuofeichen/SLAM/MAV-Project/catkin_ws/src/frontend/src/Mapping.cpp:666:6: error: ‘Mapping’ has not been declared
 bool Mapping::searchKeyFrames()
      ^
/home/tuofeichen/SLAM/MAV-Project/catkin_ws/src/frontend/src/Mapping.cpp: In function ‘bool searchKeyFrames()’:
/home/tuofeichen/SLAM/MAV-Project/catkin_ws/src/frontend/src/Mapping.cpp:670:6: error: ‘keyFrames’ was not declared in this scope
  if (keyFrames.size() == 0)
      ^
/home/tuofeichen/SLAM/MAV-Project/catkin_ws/src/frontend/src/Mapping.cpp:675:6: error: ‘smallestId’ was not declared in this scope
  if (smallestId > keyFrames.back().getId())
      ^
/home/tuofeichen/SLAM/MAV-Project/catkin_ws/src/frontend/src/Mapping.cpp:675:19: error: ‘keyFrames’ was not declared in this scope
  if (smallestId > keyFrames.back().getId())
                   ^
/home/tuofeichen/SLAM/MAV-Project/catkin_ws/src/frontend/src/Mapping.cpp:677:32: error: ‘frames’ was not declared in this scope
   for(int thread = 0; thread < frames; ++thread)
                                ^
/home/tuofeichen/SLAM/MAV-Project/catkin_ws/src/frontend/src/Mapping.cpp:679:8: error: ‘validTrafo’ was not declared in this scope
    if (validTrafo[thread] &&  isVelocitySmallEnough(transformationMatrices[thread], deltaT[thread]))
        ^
/home/tuofeichen/SLAM/MAV-Project/catkin_ws/src/frontend/src/Mapping.cpp:679:53: error: ‘transformationMatrices’ was not declared in this scope
    if (validTrafo[thread] &&  isVelocitySmallEnough(transformationMatrices[thread], deltaT[thread]))
                                                     ^
/home/tuofeichen/SLAM/MAV-Project/catkin_ws/src/frontend/src/Mapping.cpp:679:85: error: ‘deltaT’ was not declared in this scope
    if (validTrafo[thread] &&  isVelocitySmallEnough(transformationMatrices[thread], deltaT[thread]))
                                                                                     ^
/home/tuofeichen/SLAM/MAV-Project/catkin_ws/src/frontend/src/Mapping.cpp:679:99: error: ‘isVelocitySmallEnough’ was not declared in this scope
    if (validTrafo[thread] &&  isVelocitySmallEnough(transformationMatrices[thread], deltaT[thread]))
                                                                                                   ^
/home/tuofeichen/SLAM/MAV-Project/catkin_ws/src/frontend/src/Mapping.cpp:681:5: error: ‘Frame’ was not declared in this scope
     Frame& keyFrame = nodes.back();
     ^
/home/tuofeichen/SLAM/MAV-Project/catkin_ws/src/frontend/src/Mapping.cpp:681:5: note: suggested alternative:
In file included from /home/tuofeichen/SLAM/MAV-Project/catkin_ws/src/frontend/include/Mapping.h:21:0,
                 from /home/tuofeichen/SLAM/MAV-Project/catkin_ws/src/frontend/src/Mapping.cpp:16:
/home/tuofeichen/SLAM/MAV-Project/catkin_ws/src/frontend/include/Frame.h:26:7: note:   ‘SLAM::Frame’
 class Frame
       ^
/home/tuofeichen/SLAM/MAV-Project/catkin_ws/src/frontend/src/Mapping.cpp:681:12: error: ‘keyFrame’ was not declared in this scope
     Frame& keyFrame = nodes.back();
            ^
/home/tuofeichen/SLAM/MAV-Project/catkin_ws/src/frontend/src/Mapping.cpp:681:23: error: ‘nodes’ was not declared in this scope
     Frame& keyFrame = nodes.back();
                       ^
/home/tuofeichen/SLAM/MAV-Project/catkin_ws/src/frontend/src/Mapping.cpp: At global scope:
/home/tuofeichen/SLAM/MAV-Project/catkin_ws/src/frontend/src/Mapping.cpp:702:6: error: ‘Mapping’ has not been declared
 void Mapping::optimizeGraph(bool tillConvergenz)
      ^
/home/tuofeichen/SLAM/MAV-Project/catkin_ws/src/frontend/src/Mapping.cpp: In function ‘void optimizeGraph(bool)’:
/home/tuofeichen/SLAM/MAV-Project/catkin_ws/src/frontend/src/Mapping.cpp:704:6: error: ‘onlineOptimization’ was not declared in this scope
  if (onlineOptimization)
      ^
/home/tuofeichen/SLAM/MAV-Project/catkin_ws/src/frontend/src/Mapping.cpp:706:3: error: ‘optTime’ was not declared in this scope
   optTime.tic();
   ^
/home/tuofeichen/SLAM/MAV-Project/catkin_ws/src/frontend/src/Mapping.cpp:709:7: error: ‘removeEdgesWithBigErrors’ was not declared in this scope
    if(removeEdgesWithBigErrors)
       ^
/home/tuofeichen/SLAM/MAV-Project/catkin_ws/src/frontend/src/Mapping.cpp:710:5: error: ‘poseGraph’ was not declared in this scope
     poseGraph->removeEdgesWithErrorBiggerThen(edgeErrorThreshold);
     ^
/home/tuofeichen/SLAM/MAV-Project/catkin_ws/src/frontend/src/Mapping.cpp:710:47: error: ‘edgeErrorThreshold’ was not declared in this scope
     poseGraph->removeEdgesWithErrorBiggerThen(edgeErrorThreshold);
                                               ^
/home/tuofeichen/SLAM/MAV-Project/catkin_ws/src/frontend/src/Mapping.cpp:711:4: error: ‘poseGraph’ was not declared in this scope
    poseGraph->optimizeTillConvergenz();
    ^
/home/tuofeichen/SLAM/MAV-Project/catkin_ws/src/frontend/src/Mapping.cpp:714:4: error: ‘poseGraph’ was not declared in this scope
    poseGraph->optimize();
    ^
/home/tuofeichen/SLAM/MAV-Project/catkin_ws/src/frontend/src/Mapping.cpp:717:5: error: ‘nOpt’ was not declared in this scope
   ++nOpt;
     ^
/home/tuofeichen/SLAM/MAV-Project/catkin_ws/src/frontend/src/Mapping.cpp:718:3: error: ‘optAvrTime’ was not declared in this scope
   optAvrTime += took;
   ^
/home/tuofeichen/SLAM/MAV-Project/catkin_ws/src/frontend/src/Mapping.cpp:719:13: error: ‘optMaxTime’ was not declared in this scope
   if(took > optMaxTime)
             ^
/home/tuofeichen/SLAM/MAV-Project/catkin_ws/src/frontend/src/Mapping.cpp:722:3: error: ‘currentPosition’ was not declared in this scope
   currentPosition = poseGraph->getCurrentPosition();
   ^
/home/tuofeichen/SLAM/MAV-Project/catkin_ws/src/frontend/src/Mapping.cpp:722:21: error: ‘poseGraph’ was not declared in this scope
   currentPosition = poseGraph->getCurrentPosition();
                     ^
/home/tuofeichen/SLAM/MAV-Project/catkin_ws/src/frontend/src/Mapping.cpp: At global scope:
/home/tuofeichen/SLAM/MAV-Project/catkin_ws/src/frontend/src/Mapping.cpp:726:6: error: ‘Mapping’ has not been declared
 void Mapping::updateMap()
      ^
/home/tuofeichen/SLAM/MAV-Project/catkin_ws/src/frontend/src/Mapping.cpp: In function ‘void updateMap()’:
/home/tuofeichen/SLAM/MAV-Project/catkin_ws/src/frontend/src/Mapping.cpp:729:2: error: ‘FrameToPcConverter’ has not been declared
  FrameToPcConverter::getColorPC(keyFrames.back(), cloud);
  ^
/home/tuofeichen/SLAM/MAV-Project/catkin_ws/src/frontend/src/Mapping.cpp:729:33: error: ‘keyFrames’ was not declared in this scope
  FrameToPcConverter::getColorPC(keyFrames.back(), cloud);
                                 ^
/home/tuofeichen/SLAM/MAV-Project/catkin_ws/src/frontend/src/Mapping.cpp:730:2: error: ‘map3d’ was not declared in this scope
  map3d->addMapPart(cloud, poseGraph->getPositionOfId(keyFrames.back().getId()));
  ^
/home/tuofeichen/SLAM/MAV-Project/catkin_ws/src/frontend/src/Mapping.cpp:730:27: error: ‘poseGraph’ was not declared in this scope
  map3d->addMapPart(cloud, poseGraph->getPositionOfId(keyFrames.back().getId()));
                           ^
/home/tuofeichen/SLAM/MAV-Project/catkin_ws/src/frontend/src/Mapping.cpp: At global scope:
/home/tuofeichen/SLAM/MAV-Project/catkin_ws/src/frontend/src/Mapping.cpp:742:6: error: ‘Mapping’ has not been declared
 void Mapping::convertRotMatToEulerAngles(const Eigen::Matrix3d& t, double& roll, double& pitch, double& yaw) const
      ^
/home/tuofeichen/SLAM/MAV-Project/catkin_ws/src/frontend/src/Mapping.cpp:742:110: error: non-member function ‘void convertRotMatToEulerAngles(const Matrix3d&, double&, double&, double&)’ cannot have cv-qualifier
 void Mapping::convertRotMatToEulerAngles(const Eigen::Matrix3d& t, double& roll, double& pitch, double& yaw) const
                                                                                                              ^
/home/tuofeichen/SLAM/MAV-Project/catkin_ws/src/frontend/src/Mapping.cpp:749:6: error: ‘Mapping’ has not been declared
 bool Mapping::isMovementBigEnough(const Eigen::Isometry3d& trafo) const
      ^
/home/tuofeichen/SLAM/MAV-Project/catkin_ws/src/frontend/src/Mapping.cpp:749:67: error: non-member function ‘bool isMovementBigEnough(const Isometry3d&)’ cannot have cv-qualifier
 bool Mapping::isMovementBigEnough(const Eigen::Isometry3d& trafo) const
                                                                   ^
/home/tuofeichen/SLAM/MAV-Project/catkin_ws/src/frontend/src/Mapping.cpp: In function ‘bool isMovementBigEnough(const Isometry3d&)’:
/home/tuofeichen/SLAM/MAV-Project/catkin_ws/src/frontend/src/Mapping.cpp:756:9: error: ‘minTranslation’ was not declared in this scope
     if (minTranslation < 0)
         ^
/home/tuofeichen/SLAM/MAV-Project/catkin_ws/src/frontend/src/Mapping.cpp:757:25: error: ‘minRotation’ was not declared in this scope
      return (maxAngle > minRotation);
                         ^
/home/tuofeichen/SLAM/MAV-Project/catkin_ws/src/frontend/src/Mapping.cpp:759:25: error: ‘minRotation’ was not declared in this scope
      return (maxAngle > minRotation)||(distSqrt > minTranslation*minTranslation); 
                         ^
/home/tuofeichen/SLAM/MAV-Project/catkin_ws/src/frontend/src/Mapping.cpp: At global scope:
/home/tuofeichen/SLAM/MAV-Project/catkin_ws/src/frontend/src/Mapping.cpp:762:6: error: ‘Mapping’ has not been declared
 bool Mapping::isVelocitySmallEnough(const Eigen::Isometry3d& trafo, double dt) const
      ^
/home/tuofeichen/SLAM/MAV-Project/catkin_ws/src/frontend/src/Mapping.cpp:762:80: error: non-member function ‘bool isVelocitySmallEnough(const Isometry3d&, double)’ cannot have cv-qualifier
 bool Mapping::isVelocitySmallEnough(const Eigen::Isometry3d& trafo, double dt) const
                                                                                ^
/home/tuofeichen/SLAM/MAV-Project/catkin_ws/src/frontend/src/Mapping.cpp: In function ‘bool isVelocitySmallEnough(const Isometry3d&, double)’:
/home/tuofeichen/SLAM/MAV-Project/catkin_ws/src/frontend/src/Mapping.cpp:769:25: error: ‘maxVelocity’ was not declared in this scope
     return ((dist/dt) < maxVelocity && (maxAngle/dt) < maxAngularVelocity); // velocity
                         ^
/home/tuofeichen/SLAM/MAV-Project/catkin_ws/src/frontend/src/Mapping.cpp:769:56: error: ‘maxAngularVelocity’ was not declared in this scope
     return ((dist/dt) < maxVelocity && (maxAngle/dt) < maxAngularVelocity); // velocity
                                                        ^
/home/tuofeichen/SLAM/MAV-Project/catkin_ws/src/frontend/src/Mapping.cpp: At global scope:
/home/tuofeichen/SLAM/MAV-Project/catkin_ws/src/frontend/src/Mapping.cpp:772:6: error: ‘Mapping’ has not been declared
 void Mapping::addFirstNode()
      ^
/home/tuofeichen/SLAM/MAV-Project/catkin_ws/src/frontend/src/Mapping.cpp: In function ‘void addFirstNode()’:
/home/tuofeichen/SLAM/MAV-Project/catkin_ws/src/frontend/src/Mapping.cpp:774:2: error: ‘nodes’ was not declared in this scope
  nodes.clear();
  ^
/home/tuofeichen/SLAM/MAV-Project/catkin_ws/src/frontend/src/Mapping.cpp:775:2: error: ‘keyFrames’ was not declared in this scope
  keyFrames.clear();
  ^
/home/tuofeichen/SLAM/MAV-Project/catkin_ws/src/frontend/src/Mapping.cpp:776:2: error: ‘poseGraph’ was not declared in this scope
  poseGraph->addFirstNode();
  ^
/home/tuofeichen/SLAM/MAV-Project/catkin_ws/src/frontend/src/Mapping.cpp:777:2: error: ‘currentFrame’ was not declared in this scope
  currentFrame.setId(poseGraph->getCurrentId());
  ^
/home/tuofeichen/SLAM/MAV-Project/catkin_ws/src/frontend/src/Mapping.cpp: At global scope:
/home/tuofeichen/SLAM/MAV-Project/catkin_ws/src/frontend/src/Mapping.cpp:789:6: error: ‘Mapping’ has not been declared
 void Mapping::fusePX4LPE(int frameType)
      ^
/home/tuofeichen/SLAM/MAV-Project/catkin_ws/src/frontend/src/Mapping.cpp: In function ‘void fusePX4LPE(int)’:
/home/tuofeichen/SLAM/MAV-Project/catkin_ws/src/frontend/src/Mapping.cpp:797:3: error: ‘imuCompensateCounter’ was not declared in this scope
   imuCompensateCounter++;
   ^
/home/tuofeichen/SLAM/MAV-Project/catkin_ws/src/frontend/src/Mapping.cpp:799:3: error: ‘px4’ was not declared in this scope
   px4->getTm(tm_lpe,im_lpe,dt_lpe);
   ^
/home/tuofeichen/SLAM/MAV-Project/catkin_ws/src/frontend/src/Mapping.cpp:800:3: error: ‘validTrafo’ was not declared in this scope
   validTrafo[0]   = 1;
   ^
/home/tuofeichen/SLAM/MAV-Project/catkin_ws/src/frontend/src/Mapping.cpp:801:3: error: ‘enoughMatches’ was not declared in this scope
   enoughMatches[0] = 1;
   ^
/home/tuofeichen/SLAM/MAV-Project/catkin_ws/src/frontend/src/Mapping.cpp:802:3: error: ‘transformationMatrices’ was not declared in this scope
   transformationMatrices[0] = tm_lpe.cast<double>();
   ^
/home/tuofeichen/SLAM/MAV-Project/catkin_ws/src/frontend/src/Mapping.cpp:803:3: error: ‘informationMatrices’ was not declared in this scope
   informationMatrices[0] =  im_lpe.cast<double>();
   ^
/home/tuofeichen/SLAM/MAV-Project/catkin_ws/src/frontend/src/Mapping.cpp:805:7: error: ‘nodes’ was not declared in this scope
   if (nodes.size()==0){
       ^
/home/tuofeichen/SLAM/MAV-Project/catkin_ws/src/frontend/src/Mapping.cpp:808:4: error: ‘keyFrames’ was not declared in this scope
    keyFrames.clear();
    ^
/home/tuofeichen/SLAM/MAV-Project/catkin_ws/src/frontend/src/Mapping.cpp:809:4: error: ‘poseGraph’ was not declared in this scope
    poseGraph->addFirstNode();
    ^
/home/tuofeichen/SLAM/MAV-Project/catkin_ws/src/frontend/src/Mapping.cpp:810:4: error: ‘currentFrame’ was not declared in this scope
    currentFrame.setId(poseGraph->getCurrentId());
    ^
/home/tuofeichen/SLAM/MAV-Project/catkin_ws/src/frontend/src/Mapping.cpp:818:3: error: ‘graphIds’ was not declared in this scope
   graphIds[0] = nodes.size()-1;
   ^
/home/tuofeichen/SLAM/MAV-Project/catkin_ws/src/frontend/src/Mapping.cpp:818:17: error: ‘nodes’ was not declared in this scope
   graphIds[0] = nodes.size()-1;
                 ^
/home/tuofeichen/SLAM/MAV-Project/catkin_ws/src/frontend/src/Mapping.cpp:819:3: error: ‘deltaT’ was not declared in this scope
   deltaT[0] = dt_lpe;
   ^
/home/tuofeichen/SLAM/MAV-Project/catkin_ws/src/frontend/src/Mapping.cpp:825:9: error: ‘badFrame’ was not declared in this scope
    case badFrame:
         ^
/home/tuofeichen/SLAM/MAV-Project/catkin_ws/src/frontend/src/Mapping.cpp:826:5: error: ‘currentFrame’ was not declared in this scope
     currentFrame.setBadFrameFlag(true);
     ^
/home/tuofeichen/SLAM/MAV-Project/catkin_ws/src/frontend/src/Mapping.cpp:830:9: error: ‘recoverFrame’ was not declared in this scope
    case recoverFrame:
         ^
/home/tuofeichen/SLAM/MAV-Project/catkin_ws/src/frontend/src/Mapping.cpp:834:9: error: ‘dummyFrame’ was not declared in this scope
    case dummyFrame:
         ^
/home/tuofeichen/SLAM/MAV-Project/catkin_ws/src/frontend/src/Mapping.cpp:840:7: error: ‘currentFrame’ was not declared in this scope
   if (currentFrame.getNewNodeFlag()){
       ^
/home/tuofeichen/SLAM/MAV-Project/catkin_ws/src/frontend/src/Mapping.cpp: At global scope:
/home/tuofeichen/SLAM/MAV-Project/catkin_ws/src/frontend/src/Mapping.cpp:849:6: error: ‘Mapping’ has not been declared
 void Mapping::printPosition(const Eigen::Isometry3d& position)
      ^
/home/tuofeichen/SLAM/MAV-Project/catkin_ws/src/frontend/src/Mapping.cpp:860:6: error: ‘Mapping’ has not been declared
 void Mapping::loopClosureDetection()
      ^
/home/tuofeichen/SLAM/MAV-Project/catkin_ws/src/frontend/src/Mapping.cpp: In function ‘void loopClosureDetection()’:
/home/tuofeichen/SLAM/MAV-Project/catkin_ws/src/frontend/src/Mapping.cpp:863:2: error: ‘lcBestIndex’ was not declared in this scope
  lcBestIndex = -1;
  ^
/home/tuofeichen/SLAM/MAV-Project/catkin_ws/src/frontend/src/Mapping.cpp:865:20: error: ‘loopClosureDetectionThreshold’ was not declared in this scope
  double bestDist = loopClosureDetectionThreshold;
                    ^
/home/tuofeichen/SLAM/MAV-Project/catkin_ws/src/frontend/src/Mapping.cpp:867:29: error: ‘keyFrames’ was not declared in this scope
  int nrOfKeyFramesToMatch = keyFrames.size() ;
                             ^
/home/tuofeichen/SLAM/MAV-Project/catkin_ws/src/frontend/src/Mapping.cpp:871:6: error: ‘lcSmallestId’ was not declared in this scope
   if(lcSmallestId > keyFrames.at(nrOfKeyFramesToMatch-1).getId()){
      ^
/home/tuofeichen/SLAM/MAV-Project/catkin_ws/src/frontend/src/Mapping.cpp:883:68: error: ‘currentFrame’ was not declared in this scope
    double dist = cv::norm(keyFrames.at(n).getAverageDescriptors(), currentFrame.getAverageDescriptors(), cv::NORM_L2);
                                                                    ^
/home/tuofeichen/SLAM/MAV-Project/catkin_ws/src/frontend/src/Mapping.cpp:895:18: error: ‘currentFrame’ was not declared in this scope
   matchTwoFrames(currentFrame, keyFrames.at(lcBestIndex), lcEnoughMatches, lcValidTrafo, lcTm, lcIm);
                  ^
/home/tuofeichen/SLAM/MAV-Project/catkin_ws/src/frontend/src/Mapping.cpp:895:59: error: ‘lcEnoughMatches’ was not declared in this scope
   matchTwoFrames(currentFrame, keyFrames.at(lcBestIndex), lcEnoughMatches, lcValidTrafo, lcTm, lcIm);
                                                           ^
/home/tuofeichen/SLAM/MAV-Project/catkin_ws/src/frontend/src/Mapping.cpp:895:76: error: ‘lcValidTrafo’ was not declared in this scope
   matchTwoFrames(currentFrame, keyFrames.at(lcBestIndex), lcEnoughMatches, lcValidTrafo, lcTm, lcIm);
                                                                            ^
/home/tuofeichen/SLAM/MAV-Project/catkin_ws/src/frontend/src/Mapping.cpp:895:90: error: ‘lcTm’ was not declared in this scope
   matchTwoFrames(currentFrame, keyFrames.at(lcBestIndex), lcEnoughMatches, lcValidTrafo, lcTm, lcIm);
                                                                                          ^
/home/tuofeichen/SLAM/MAV-Project/catkin_ws/src/frontend/src/Mapping.cpp:895:96: error: ‘lcIm’ was not declared in this scope
   matchTwoFrames(currentFrame, keyFrames.at(lcBestIndex), lcEnoughMatches, lcValidTrafo, lcTm, lcIm);
                                                                                                ^
/home/tuofeichen/SLAM/MAV-Project/catkin_ws/src/frontend/src/Mapping.cpp:895:100: error: ‘matchTwoFrames’ was not declared in this scope
   matchTwoFrames(currentFrame, keyFrames.at(lcBestIndex), lcEnoughMatches, lcValidTrafo, lcTm, lcIm);
                                                                                                    ^
/home/tuofeichen/SLAM/MAV-Project/catkin_ws/src/frontend/src/Mapping.cpp:905:32: error: ‘poseGraph’ was not declared in this scope
    Eigen::Isometry3d prevPos = poseGraph->getPositionOfId(nodes.size()-1);
                                ^
/home/tuofeichen/SLAM/MAV-Project/catkin_ws/src/frontend/src/Mapping.cpp:905:59: error: ‘nodes’ was not declared in this scope
    Eigen::Isometry3d prevPos = poseGraph->getPositionOfId(nodes.size()-1);
                                                           ^
/home/tuofeichen/SLAM/MAV-Project/catkin_ws/src/frontend/src/Mapping.cpp:923:18: error: ‘maxVelocity’ was not declared in this scope
    if (maxDisp > maxVelocity){ 
                  ^
/home/tuofeichen/SLAM/MAV-Project/catkin_ws/src/frontend/src/Mapping.cpp: At global scope:
/home/tuofeichen/SLAM/MAV-Project/catkin_ws/src/frontend/src/Mapping.cpp:936:1: error: expected declaration before ‘}’ token
 } /* namespace SLAM */
 ^
/home/tuofeichen/SLAM/MAV-Project/catkin_ws/src/frontend/src/Mapping.cpp: In function ‘bool featureDetectionAndExtraction()’:
/home/tuofeichen/SLAM/MAV-Project/catkin_ws/src/frontend/src/Mapping.cpp:412:1: warning: control reaches end of non-void function [-Wreturn-type]
 }
 ^
/home/tuofeichen/SLAM/MAV-Project/catkin_ws/src/frontend/src/Mapping.cpp: In function ‘bool isMovementBigEnough(const Isometry3d&)’:
/home/tuofeichen/SLAM/MAV-Project/catkin_ws/src/frontend/src/Mapping.cpp:760:1: warning: control reaches end of non-void function [-Wreturn-type]
 }
 ^
/home/tuofeichen/SLAM/MAV-Project/catkin_ws/src/frontend/src/Mapping.cpp: In function ‘bool isVelocitySmallEnough(const Isometry3d&, double)’:
/home/tuofeichen/SLAM/MAV-Project/catkin_ws/src/frontend/src/Mapping.cpp:770:1: warning: control reaches end of non-void function [-Wreturn-type]
 }
 ^
make[2]: *** [CMakeFiles/SLAM.dir/src/Mapping.cpp.o] Error 1
make[1]: *** [CMakeFiles/SLAM.dir/all] Error 2
make: *** [all] Error 2
