[ 15%] Built target servo_state_publisher
[ 30%] Built target copter_visualization
[35m[1mScanning dependencies of target mavros_extras[0m
[ 38%] [32mBuilding CXX object CMakeFiles/mavros_extras.dir/src/plugins/vision_pose_estimate.cpp.o[0m
/home/tuofeichen/SLAM/MAV-Project/catkin_ws/src/mavros/mavros_extras/src/plugins/vision_pose_estimate.cpp: In member function â€˜void mavplugin::VisionPoseEstimatePlugin::send_vision_estimate(const ros::Time&, const Affine3d&)â€™:
/home/tuofeichen/SLAM/MAV-Project/catkin_ws/src/mavros/mavros_extras/src/plugins/vision_pose_estimate.cpp:124:3: error: â€˜Quaternionâ€™ is not a member of â€˜tfâ€™
   tf::Quaternion q_tf(q_eigen.x(), q_eigen.y(), q_eigen.z(), q_eigen.w());
   ^
/home/tuofeichen/SLAM/MAV-Project/catkin_ws/src/mavros/mavros_extras/src/plugins/vision_pose_estimate.cpp:124:3: note: suggested alternatives:
In file included from /usr/include/eigen3/Eigen/Core:252:0,
                 from /usr/include/eigen3/Eigen/Dense:1,
                 from /usr/include/eigen3/Eigen/Eigen:1,
                 from /home/tuofeichen/SLAM/MAV-Project/catkin_ws/src/mavros/mavros/include/mavros/mavros_uas.h:23,
                 from /home/tuofeichen/SLAM/MAV-Project/catkin_ws/src/mavros/mavros/include/mavros/mavros_plugin.h:23,
                 from /home/tuofeichen/SLAM/MAV-Project/catkin_ws/src/mavros/mavros_extras/src/plugins/vision_pose_estimate.cpp:18:
/usr/include/eigen3/Eigen/src/Core/util/ForwardDeclarations.h:260:58: note:   â€˜Eigen::Quaternionâ€™
 template<typename Scalar, int Options = AutoAlign> class Quaternion;
                                                          ^
In file included from /opt/ros/indigo/include/geometry_msgs/Transform.h:19:0,
                 from /opt/ros/indigo/include/geometry_msgs/TransformStamped.h:19,
                 from /opt/ros/indigo/include/tf2_msgs/TFMessage.h:18,
                 from /opt/ros/indigo/include/tf2_ros/transform_listener.h:36,
                 from /home/tuofeichen/SLAM/MAV-Project/catkin_ws/src/mavros/mavros/include/mavros/mavros_uas.h:25,
                 from /home/tuofeichen/SLAM/MAV-Project/catkin_ws/src/mavros/mavros/include/mavros/mavros_plugin.h:23,
                 from /home/tuofeichen/SLAM/MAV-Project/catkin_ws/src/mavros/mavros_extras/src/plugins/vision_pose_estimate.cpp:18:
/opt/ros/indigo/include/geometry_msgs/Quaternion.h:62:61: note:   â€˜geometry_msgs::Quaternionâ€™
 typedef ::geometry_msgs::Quaternion_<std::allocator<void> > Quaternion;
                                                             ^
In file included from /opt/ros/indigo/include/tf2/transform_storage.h:36:0,
                 from /opt/ros/indigo/include/tf2/buffer_core.h:35,
                 from /opt/ros/indigo/include/tf2_ros/buffer_interface.h:35,
                 from /opt/ros/indigo/include/tf2_ros/buffer.h:35,
                 from /opt/ros/indigo/include/tf2_ros/transform_listener.h:40,
                 from /home/tuofeichen/SLAM/MAV-Project/catkin_ws/src/mavros/mavros/include/mavros/mavros_uas.h:25,
                 from /home/tuofeichen/SLAM/MAV-Project/catkin_ws/src/mavros/mavros/include/mavros/mavros_plugin.h:23,
                 from /home/tuofeichen/SLAM/MAV-Project/catkin_ws/src/mavros/mavros_extras/src/plugins/vision_pose_estimate.cpp:18:
/opt/ros/indigo/include/tf2/LinearMath/Quaternion.h:28:7: note:   â€˜tf2::Quaternionâ€™
 class Quaternion : public QuadWord {
       ^
/home/tuofeichen/SLAM/MAV-Project/catkin_ws/src/mavros/mavros_extras/src/plugins/vision_pose_estimate.cpp:124:18: error: expected â€˜;â€™ before â€˜q_tfâ€™
   tf::Quaternion q_tf(q_eigen.x(), q_eigen.y(), q_eigen.z(), q_eigen.w());
                  ^
/home/tuofeichen/SLAM/MAV-Project/catkin_ws/src/mavros/mavros_extras/src/plugins/vision_pose_estimate.cpp:126:3: error: â€˜Matrix3x3â€™ is not a member of â€˜tfâ€™
   tf::Matrix3x3(q_tf).getRPY(roll, pitch, yaw);
   ^
/home/tuofeichen/SLAM/MAV-Project/catkin_ws/src/mavros/mavros_extras/src/plugins/vision_pose_estimate.cpp:126:17: error: â€˜q_tfâ€™ was not declared in this scope
   tf::Matrix3x3(q_tf).getRPY(roll, pitch, yaw);
                 ^
/home/tuofeichen/SLAM/MAV-Project/catkin_ws/src/mavros/mavros_extras/src/plugins/vision_pose_estimate.cpp:137:5: error: â€˜rpyâ€™ was not declared in this scope
     rpy.x(), rpy.y(), rpy.z());
     ^
make[2]: *** [CMakeFiles/mavros_extras.dir/src/plugins/vision_pose_estimate.cpp.o] Error 1
make[1]: *** [CMakeFiles/mavros_extras.dir/all] Error 2
make: *** [all] Error 2
